[debug] [2020-02-04T10:22:00.017Z] ----------------------------------------------------------------------
[debug] [2020-02-04T10:22:00.019Z] Command:       /usr/bin/node /usr/local/bin/firebase deploy
[debug] [2020-02-04T10:22:00.019Z] CLI Version:   7.11.0
[debug] [2020-02-04T10:22:00.019Z] Platform:      linux
[debug] [2020-02-04T10:22:00.019Z] Node Version:  v12.14.1
[debug] [2020-02-04T10:22:00.020Z] Time:          Tue Feb 04 2020 12:22:00 GMT+0200 (Eastern European Standard Time)
[debug] [2020-02-04T10:22:00.020Z] ----------------------------------------------------------------------
[debug] [2020-02-04T10:22:00.020Z] 
[debug] [2020-02-04T10:22:00.028Z] > command requires scopes: ["email","openid","https://www.googleapis.com/auth/cloudplatformprojects.readonly","https://www.googleapis.com/auth/firebase","https://www.googleapis.com/auth/cloud-platform"]
[debug] [2020-02-04T10:22:00.028Z] > authorizing via signed-in user
[debug] [2020-02-04T10:22:00.028Z] [iam] checking project mag-back-181cb for permissions ["cloudfunctions.functions.create","cloudfunctions.functions.delete","cloudfunctions.functions.get","cloudfunctions.functions.list","cloudfunctions.functions.update","cloudfunctions.operations.get","datastore.indexes.create","datastore.indexes.delete","datastore.indexes.list","datastore.indexes.update","firebase.projects.get","firebasedatabase.instances.update","firebasehosting.sites.update","firebaserules.releases.create","firebaserules.releases.update","firebaserules.rulesets.create"]
[debug] [2020-02-04T10:22:00.029Z] > refreshing access token with scopes: ["email","https://www.googleapis.com/auth/cloud-platform","https://www.googleapis.com/auth/cloudplatformprojects.readonly","https://www.googleapis.com/auth/firebase","openid"]
[debug] [2020-02-04T10:22:00.030Z] >>> HTTP REQUEST POST https://www.googleapis.com/oauth2/v3/token  
 <request body omitted>
[debug] [2020-02-04T10:22:00.428Z] <<< HTTP RESPONSE 200
[debug] [2020-02-04T10:22:00.435Z] >>> HTTP REQUEST POST https://cloudresourcemanager.googleapis.com/v1/projects/mag-back-181cb:testIamPermissions  

[debug] [2020-02-04T10:22:01.477Z] <<< HTTP RESPONSE 200
[debug] [2020-02-04T10:22:01.482Z] >>> HTTP REQUEST GET https://firebase.googleapis.com/v1beta1/projects/mag-back-181cb  
 
[debug] [2020-02-04T10:22:01.952Z] <<< HTTP RESPONSE 200
[info] 
[info] === Deploying to 'mag-back-181cb'...
[info] 
[info] i  deploying database, storage, firestore, functions, hosting
[info] i  database: checking rules syntax...
[debug] [2020-02-04T10:22:03.625Z] >>> HTTP REQUEST PUT https://mag-back-181cb.firebaseio.com/.settings/rules.json?dryRun=true  
 {
  /* Visit https://firebase.google.com/docs/database/security to learn more about security rules. */
  "rules": {
    ".read": false,
    ".write": false
  }
}
[debug] [2020-02-04T10:22:04.492Z] <<< HTTP RESPONSE 200
[info] ✔  database: rules syntax for database mag-back-181cb is valid
[debug] [2020-02-04T10:22:04.497Z] >>> HTTP REQUEST GET https://appengine.googleapis.com/v1/apps/mag-back-181cb  
 
[debug] [2020-02-04T10:22:05.896Z] <<< HTTP RESPONSE 200
[info] i  firebase.storage: checking storage.rules for compilation errors...
[debug] [2020-02-04T10:22:05.902Z] >>> HTTP REQUEST POST https://firebaserules.googleapis.com/v1/projects/mag-back-181cb:test  

[debug] [2020-02-04T10:22:06.342Z] <<< HTTP RESPONSE 200
[info] ✔  firebase.storage: rules file storage.rules compiled successfully
[info] i  firestore: reading indexes from firestore.indexes.json...
[info] i  cloud.firestore: checking firestore.rules for compilation errors...
[debug] [2020-02-04T10:22:06.348Z] >>> HTTP REQUEST POST https://firebaserules.googleapis.com/v1/projects/mag-back-181cb:test  

[debug] [2020-02-04T10:22:07.249Z] <<< HTTP RESPONSE 200
[info] ✔  cloud.firestore: rules file firestore.rules compiled successfully
[debug] [2020-02-04T10:22:07.253Z] > [functions] package.json contents: {
  "name": "functions",
  "description": "Cloud Functions for Firebase",
  "scripts": {
    "serve": "firebase serve --only functions",
    "shell": "firebase functions:shell",
    "start": "npm run shell",
    "deploy": "firebase deploy --only functions",
    "logs": "firebase functions:log"
  },
  "engines": {
    "node": "8"
  },
  "dependencies": {
    "firebase-admin": "^8.6.0",
    "firebase-functions": "^3.3.0"
  },
  "devDependencies": {
    "firebase-functions-test": "^0.1.6"
  },
  "private": true
}
[info] i  functions: ensuring necessary APIs are enabled...
[debug] [2020-02-04T10:22:07.257Z] >>> HTTP REQUEST GET https://serviceusage.googleapis.com/v1/projects/mag-back-181cb/services/cloudfunctions.googleapis.com  
 
[debug] [2020-02-04T10:22:07.258Z] >>> HTTP REQUEST GET https://serviceusage.googleapis.com/v1/projects/mag-back-181cb/services/runtimeconfig.googleapis.com  
 
[debug] [2020-02-04T10:22:08.528Z] <<< HTTP RESPONSE 200
[info] ✔  functions: all necessary APIs are enabled
[debug] [2020-02-04T10:22:08.556Z] <<< HTTP RESPONSE 200
[debug] [2020-02-04T10:22:08.557Z] >>> HTTP REQUEST GET https://firebase.googleapis.com/v1beta1/projects/mag-back-181cb/adminSdkConfig  
 
[debug] [2020-02-04T10:22:08.930Z] <<< HTTP RESPONSE 200
[debug] [2020-02-04T10:22:08.934Z] >>> HTTP REQUEST POST https://firebasehosting.googleapis.com/v1beta1/sites/mag-back-181cb/versions  

[debug] [2020-02-04T10:22:10.768Z] <<< HTTP RESPONSE 200
[debug] [2020-02-04T10:22:10.774Z] >>> HTTP REQUEST GET https://firebaserules.googleapis.com/v1/projects/mag-back-181cb/releases?pageSize=10&pageToken=  
 
[debug] [2020-02-04T10:22:11.764Z] <<< HTTP RESPONSE 200
[debug] [2020-02-04T10:22:11.767Z] >>> HTTP REQUEST GET https://firebaserules.googleapis.com/v1/projects/mag-back-181cb/rulesets/c6ff9836-94c0-4660-b37a-bd3435af71b8  
 
[debug] [2020-02-04T10:22:12.134Z] <<< HTTP RESPONSE 200
[info] i  storage: latest version of storage.rules already up to date, skipping upload...
[debug] [2020-02-04T10:22:12.141Z] >>> HTTP REQUEST GET https://firebaserules.googleapis.com/v1/projects/mag-back-181cb/releases?pageSize=10&pageToken=  
 
[debug] [2020-02-04T10:22:12.142Z] >>> HTTP REQUEST GET https://firestore.googleapis.com/v1beta2/projects/mag-back-181cb/databases/(default)/collectionGroups/-/indexes  
 
[debug] [2020-02-04T10:22:12.587Z] <<< HTTP RESPONSE 200
[debug] [2020-02-04T10:22:12.588Z] >>> HTTP REQUEST GET https://firestore.googleapis.com/v1beta2/projects/mag-back-181cb/databases/(default)/collectionGroups/-/fields?filter=indexConfig.usesAncestorConfig=false  
 
[debug] [2020-02-04T10:22:13.009Z] <<< HTTP RESPONSE 200
[info] ✔  firestore: deployed indexes in firestore.indexes.json successfully
[debug] [2020-02-04T10:22:13.093Z] <<< HTTP RESPONSE 200
[debug] [2020-02-04T10:22:13.094Z] >>> HTTP REQUEST GET https://firebaserules.googleapis.com/v1/projects/mag-back-181cb/rulesets/f8b62d3f-2203-4a9a-b2e8-8230e736c8cd  
 
[debug] [2020-02-04T10:22:14.041Z] <<< HTTP RESPONSE 200
[info] i  firestore: latest version of firestore.rules already up to date, skipping upload...
[info] i  functions: preparing functions directory for uploading...
[debug] [2020-02-04T10:22:14.048Z] >>> HTTP REQUEST GET https://runtimeconfig.googleapis.com/v1beta1/projects/mag-back-181cb/configs  
 
[debug] [2020-02-04T10:22:14.529Z] <<< HTTP RESPONSE 200
[info] i  functions: packaged functions (26.48 KB) for uploading
[debug] [2020-02-04T10:22:14.689Z] >>> HTTP REQUEST POST https://cloudfunctions.googleapis.com/v1/projects/mag-back-181cb/locations/us-central1/functions:generateUploadUrl  
 
[debug] [2020-02-04T10:22:15.526Z] <<< HTTP RESPONSE 200
[debug] [2020-02-04T10:22:15.528Z] >>> HTTP REQUEST PUT https://storage.googleapis.com/gcf-upload-us-central1-1d8eb2ac-c1d4-4b97-b36d-62adcfb74fcd/9debd002-290f-43fd-b63b-ebf675a1e271.zip?GoogleAccessId=service-589737995380@gcf-admin-robot.iam.gserviceaccount.com&Expires=1580813535&Signature=f3uxs2%2BDXXaFBZ6JUt3aDusykuGpAbnWC%2BEoAukvfUwwVIWoUiuVDGoSkPx3XtNJGAjJWFpazwWFzxq%2FcUAyAbZwt1Sza5swJLDuIXb4SghBw4Iy%2B6QYab2JSAhmTZIqQdhuIUgxBR2jfaHcW1si%2BeRFrudA0KlI3fgpCCpd9Wfn6Oy3E99q6UlaIc8xHBnnPlMz1X0Sjq5U5hOr00Kmjx6xk6X4687CjR6ICMKA72PQGFUwC5FfBdkzlgxjRzJ1NEPclHA9vwGS%2FOS2a23DczCfqyIxJ%2FP7KpcjGlWZs7fUy8cfr95OzCMUN254o2zl3v0rfIGiR2O7crpcS38MAw%3D%3D  
 <request body omitted>
[debug] [2020-02-04T10:22:16.257Z] <<< HTTP RESPONSE 200
[info] ✔  functions: functions folder uploaded successfully
[info] i  hosting[mag-back-181cb]: beginning deploy...
[info] i  hosting[mag-back-181cb]: found 11 files in dist
[debug] [2020-02-04T10:22:17.367Z] [hosting] hash cache [ZGlzdA] stored for 11 files
[debug] [2020-02-04T10:22:17.367Z] [hosting][hash queue][FINAL]
[debug] [2020-02-04T10:22:17.367Z] >>> HTTP REQUEST POST https://firebasehosting.googleapis.com/v1beta1/sites/mag-back-181cb/versions/4cccd76b229ad5bf:populateFiles  
 <request body omitted>
[debug] [2020-02-04T10:22:19.153Z] <<< HTTP RESPONSE 200
[debug] [2020-02-04T10:22:19.159Z] [hosting][populate queue][FINAL]
[debug] [2020-02-04T10:22:19.159Z] [hosting] uploads queued: 3
[debug] [2020-02-04T10:22:21.029Z] [hosting][upload queue][FINAL]
[info] ✔  hosting[mag-back-181cb]: file upload complete
[debug] [2020-02-04T10:22:21.030Z] [hosting] deploy completed after 4771ms
[info] i  database: releasing rules...
[debug] [2020-02-04T10:22:21.250Z] >>> HTTP REQUEST PUT https://mag-back-181cb.firebaseio.com/.settings/rules.json  
 {
  /* Visit https://firebase.google.com/docs/database/security to learn more about security rules. */
  "rules": {
    ".read": false,
    ".write": false
  }
}
[debug] [2020-02-04T10:22:21.948Z] <<< HTTP RESPONSE 200
[info] ✔  database: rules for database mag-back-181cb released successfully
[debug] [2020-02-04T10:22:21.951Z] [rules] releasing firebase.storage/mag-back-181cb.appspot.com with ruleset projects/mag-back-181cb/rulesets/c6ff9836-94c0-4660-b37a-bd3435af71b8
[debug] [2020-02-04T10:22:21.952Z] >>> HTTP REQUEST PATCH https://firebaserules.googleapis.com/v1/projects/mag-back-181cb/releases/firebase.storage/mag-back-181cb.appspot.com  

[debug] [2020-02-04T10:22:23.074Z] <<< HTTP RESPONSE 200
[debug] [2020-02-04T10:22:23.075Z] [rules] updated release projects/mag-back-181cb/releases/firebase.storage/mag-back-181cb.appspot.com
[info] ✔  storage: released rules storage.rules to firebase.storage
[debug] [2020-02-04T10:22:23.076Z] [rules] releasing cloud.firestore with ruleset projects/mag-back-181cb/rulesets/f8b62d3f-2203-4a9a-b2e8-8230e736c8cd
[debug] [2020-02-04T10:22:23.077Z] >>> HTTP REQUEST PATCH https://firebaserules.googleapis.com/v1/projects/mag-back-181cb/releases/cloud.firestore  

[debug] [2020-02-04T10:22:24.172Z] <<< HTTP RESPONSE 200
[debug] [2020-02-04T10:22:24.173Z] [rules] updated release projects/mag-back-181cb/releases/cloud.firestore
[info] ✔  firestore: released rules firestore.rules to cloud.firestore
[debug] [2020-02-04T10:22:24.177Z] >>> HTTP REQUEST GET https://cloudfunctions.googleapis.com/v1/projects/mag-back-181cb/locations/-/functions  
 
[debug] [2020-02-04T10:22:24.708Z] <<< HTTP RESPONSE 200
[info] i  functions: updating Node.js 8 function helloWorld(us-central1)...
[debug] [2020-02-04T10:22:24.714Z] Trigger is:  {"httpsTrigger":{}}
[debug] [2020-02-04T10:22:24.717Z] >>> HTTP REQUEST GET https://serviceusage.googleapis.com/v1/projects/mag-back-181cb/services/cloudscheduler.googleapis.com  
 
[debug] [2020-02-04T10:22:25.821Z] <<< HTTP RESPONSE 200
[debug] [2020-02-04T10:22:25.824Z] >>> HTTP REQUEST PATCH https://cloudfunctions.googleapis.com/v1/projects/mag-back-181cb/locations/us-central1/functions/helloWorld {"updateMask":"sourceUploadUrl,name,labels,runtime,httpsTrigger"} 

[debug] [2020-02-04T10:22:26.565Z] <<< HTTP RESPONSE 200
[debug] [2020-02-04T10:22:26.569Z] >>> HTTP REQUEST GET https://cloudfunctions.googleapis.com/v1/projects/mag-back-181cb/locations/-/functions  
 
[debug] [2020-02-04T10:22:27.159Z] <<< HTTP RESPONSE 200
[debug] [2020-02-04T10:22:27.162Z] >>> HTTP REQUEST GET https://cloudfunctions.googleapis.com/v1/operations/bWFnLWJhY2stMTgxY2IvdXMtY2VudHJhbDEvaGVsbG9Xb3JsZC9ZbmJ3cG1MbGZjUQ  
 
[debug] [2020-02-04T10:22:27.526Z] <<< HTTP RESPONSE 200
[debug] [2020-02-04T10:22:29.528Z] >>> HTTP REQUEST GET https://cloudfunctions.googleapis.com/v1/operations/bWFnLWJhY2stMTgxY2IvdXMtY2VudHJhbDEvaGVsbG9Xb3JsZC9ZbmJ3cG1MbGZjUQ  
 
[debug] [2020-02-04T10:22:29.892Z] <<< HTTP RESPONSE 200
[debug] [2020-02-04T10:22:31.894Z] >>> HTTP REQUEST GET https://cloudfunctions.googleapis.com/v1/operations/bWFnLWJhY2stMTgxY2IvdXMtY2VudHJhbDEvaGVsbG9Xb3JsZC9ZbmJ3cG1MbGZjUQ  
 
[debug] [2020-02-04T10:22:32.293Z] <<< HTTP RESPONSE 200
[debug] [2020-02-04T10:22:34.297Z] >>> HTTP REQUEST GET https://cloudfunctions.googleapis.com/v1/operations/bWFnLWJhY2stMTgxY2IvdXMtY2VudHJhbDEvaGVsbG9Xb3JsZC9ZbmJ3cG1MbGZjUQ  
 
[debug] [2020-02-04T10:22:34.697Z] <<< HTTP RESPONSE 200
[debug] [2020-02-04T10:22:36.700Z] >>> HTTP REQUEST GET https://cloudfunctions.googleapis.com/v1/operations/bWFnLWJhY2stMTgxY2IvdXMtY2VudHJhbDEvaGVsbG9Xb3JsZC9ZbmJ3cG1MbGZjUQ  
 
[debug] [2020-02-04T10:22:37.111Z] <<< HTTP RESPONSE 200
[debug] [2020-02-04T10:22:39.115Z] >>> HTTP REQUEST GET https://cloudfunctions.googleapis.com/v1/operations/bWFnLWJhY2stMTgxY2IvdXMtY2VudHJhbDEvaGVsbG9Xb3JsZC9ZbmJ3cG1MbGZjUQ  
 
[debug] [2020-02-04T10:22:39.499Z] <<< HTTP RESPONSE 200
[debug] [2020-02-04T10:22:41.500Z] >>> HTTP REQUEST GET https://cloudfunctions.googleapis.com/v1/operations/bWFnLWJhY2stMTgxY2IvdXMtY2VudHJhbDEvaGVsbG9Xb3JsZC9ZbmJ3cG1MbGZjUQ  
 
[debug] [2020-02-04T10:22:41.906Z] <<< HTTP RESPONSE 200
[debug] [2020-02-04T10:22:43.908Z] >>> HTTP REQUEST GET https://cloudfunctions.googleapis.com/v1/operations/bWFnLWJhY2stMTgxY2IvdXMtY2VudHJhbDEvaGVsbG9Xb3JsZC9ZbmJ3cG1MbGZjUQ  
 
[debug] [2020-02-04T10:22:44.304Z] <<< HTTP RESPONSE 200
[debug] [2020-02-04T10:22:46.308Z] >>> HTTP REQUEST GET https://cloudfunctions.googleapis.com/v1/operations/bWFnLWJhY2stMTgxY2IvdXMtY2VudHJhbDEvaGVsbG9Xb3JsZC9ZbmJ3cG1MbGZjUQ  
 
[debug] [2020-02-04T10:22:46.714Z] <<< HTTP RESPONSE 200
[debug] [2020-02-04T10:22:48.718Z] >>> HTTP REQUEST GET https://cloudfunctions.googleapis.com/v1/operations/bWFnLWJhY2stMTgxY2IvdXMtY2VudHJhbDEvaGVsbG9Xb3JsZC9ZbmJ3cG1MbGZjUQ  
 
[debug] [2020-02-04T10:22:49.085Z] <<< HTTP RESPONSE 200
[debug] [2020-02-04T10:22:51.089Z] >>> HTTP REQUEST GET https://cloudfunctions.googleapis.com/v1/operations/bWFnLWJhY2stMTgxY2IvdXMtY2VudHJhbDEvaGVsbG9Xb3JsZC9ZbmJ3cG1MbGZjUQ  
 
[debug] [2020-02-04T10:22:51.488Z] <<< HTTP RESPONSE 200
[debug] [2020-02-04T10:22:53.491Z] >>> HTTP REQUEST GET https://cloudfunctions.googleapis.com/v1/operations/bWFnLWJhY2stMTgxY2IvdXMtY2VudHJhbDEvaGVsbG9Xb3JsZC9ZbmJ3cG1MbGZjUQ  
 
[debug] [2020-02-04T10:22:53.965Z] <<< HTTP RESPONSE 200
[debug] [2020-02-04T10:22:55.968Z] >>> HTTP REQUEST GET https://cloudfunctions.googleapis.com/v1/operations/bWFnLWJhY2stMTgxY2IvdXMtY2VudHJhbDEvaGVsbG9Xb3JsZC9ZbmJ3cG1MbGZjUQ  
 
[debug] [2020-02-04T10:22:56.427Z] <<< HTTP RESPONSE 200
[debug] [2020-02-04T10:22:58.430Z] >>> HTTP REQUEST GET https://cloudfunctions.googleapis.com/v1/operations/bWFnLWJhY2stMTgxY2IvdXMtY2VudHJhbDEvaGVsbG9Xb3JsZC9ZbmJ3cG1MbGZjUQ  
 
[debug] [2020-02-04T10:22:58.838Z] <<< HTTP RESPONSE 200
[debug] [2020-02-04T10:23:00.840Z] >>> HTTP REQUEST GET https://cloudfunctions.googleapis.com/v1/operations/bWFnLWJhY2stMTgxY2IvdXMtY2VudHJhbDEvaGVsbG9Xb3JsZC9ZbmJ3cG1MbGZjUQ  
 
[debug] [2020-02-04T10:23:01.472Z] <<< HTTP RESPONSE 200
